{"name": "Add book to your collection", "status": "broken", "statusDetails": {"message": "selenium.common.exceptions.TimeoutException: Message: \nStacktrace:\n\tGetHandleVerifier [0x00007FF63B464D02+56194]\n\t(No symbol) [0x00007FF63B3D04B2]\n\t(No symbol) [0x00007FF63B2776AA]\n\t(No symbol) [0x00007FF63B2C16D0]\n\t(No symbol) [0x00007FF63B2C17EC]\n\t(No symbol) [0x00007FF63B304D77]\n\t(No symbol) [0x00007FF63B2E5EBF]\n\t(No symbol) [0x00007FF63B302786]\n\t(No symbol) [0x00007FF63B2E5C23]\n\t(No symbol) [0x00007FF63B2B4A45]\n\t(No symbol) [0x00007FF63B2B5AD4]\n\tGetHandleVerifier [0x00007FF63B7DD5BB+3695675]\n\tGetHandleVerifier [0x00007FF63B836197+4059159]\n\tGetHandleVerifier [0x00007FF63B82DF63+4025827]\n\tGetHandleVerifier [0x00007FF63B4FF029+687785]\n\t(No symbol) [0x00007FF63B3DB508]\n\t(No symbol) [0x00007FF63B3D7564]\n\t(No symbol) [0x00007FF63B3D76E9]\n\t(No symbol) [0x00007FF63B3C8094]\n\tBaseThreadInitThunk [0x00007FF875657344+20]\n\tRtlUserThreadStart [0x00007FF8769426B1+33]", "trace": "self = <testcases.ui.scenario_1.TestScenario1 object at 0x000001A6734532C0>\naccount = <data_object.account.Account object at 0x000001A6741B7AD0>\nbook = <data_object.book.Book object at 0x000001A6741B7B90>\n\n    @allure.title(\"Add book to your collection\")\n    @pytest.mark.parametrize(\"account\", Account.get_list_account_from_json('resources/test_data/scenario_1.json','valid'))\n    @pytest.mark.parametrize(\"book\", Book.get_list_book_from_json('resources/test_data/book.json','valid'))\n    def test_delete_book_with_ui(self, account, book):\n        # Report.report_step('Add a book to collection with API')\n        # BookHelper.add_a_book_to_collection(AccountHelper.get_token(account, True),account.user_id,  book.isbn)\n    \n        Report.report_step('Go to Log in page')\n        book_store_page =  BookStorePage()\n        book_store_page.go_to_login_page()\n    \n        Report.report_step('Log in to the application')\n        login_page = LoginPage()\n        login_page.login(account)\n    \n        Report.report_step('add book by name')\n        book_store_page.wait_for_page_load()\n        book_store_page.click_book(book.book_name)\n    \n        Report.report_step('add book by name in book detail page')\n        book_detail_page = BookDetailPage()\n>       book_detail_page.add_book()\n\ntestcases\\ui\\scenario_1.py:38: \n_ _ _ _ _ _ _ _ _ _ _ _ _ _ _ _ _ _ _ _ _ _ _ _ _ _ _ _ _ _ _ _ _ _ _ _ _ _ _ _ _ _ _ _ _ _ _ _ _ _ _ _ _ _ _ _ _ _ _ _ _ _ _\npage_object\\book_detail_page.py:14: in add_book\n    self.ok_button.click()\ncore\\element\\element.py:72: in click\n    self.scroll_into_view()\ncore\\element\\element.py:68: in scroll_into_view\n    self.wait_for_visibility()\ncore\\element\\element.py:17: in wait_for_visibility\n    self._element = WebDriverWait(self._driver, timeout).until(EC.visibility_of_element_located((self._by[0] , self._by[1])))\n_ _ _ _ _ _ _ _ _ _ _ _ _ _ _ _ _ _ _ _ _ _ _ _ _ _ _ _ _ _ _ _ _ _ _ _ _ _ _ _ _ _ _ _ _ _ _ _ _ _ _ _ _ _ _ _ _ _ _ _ _ _ _\n\nself = <selenium.webdriver.support.wait.WebDriverWait (session=\"171bf9a70fe3845fed65065f84e628a5\")>\nmethod = <function visibility_of_element_located.<locals>._predicate at 0x000001A6741E1940>, message = ''\n\n    def until(self, method: Callable[[D], Union[Literal[False], T]], message: str = \"\") -> T:\n        \"\"\"Calls the method provided with the driver as an argument until the \\\n        return value does not evaluate to ``False``.\n    \n        :param method: callable(WebDriver)\n        :param message: optional message for :exc:`TimeoutException`\n        :returns: the result of the last call to `method`\n        :raises: :exc:`selenium.common.exceptions.TimeoutException` if timeout occurs\n        \"\"\"\n        screen = None\n        stacktrace = None\n    \n        end_time = time.monotonic() + self._timeout\n        while True:\n            try:\n                value = method(self._driver)\n                if value:\n                    return value\n            except self._ignored_exceptions as exc:\n                screen = getattr(exc, \"screen\", None)\n                stacktrace = getattr(exc, \"stacktrace\", None)\n            time.sleep(self._poll)\n            if time.monotonic() > end_time:\n                break\n>       raise TimeoutException(message, screen, stacktrace)\nE       selenium.common.exceptions.TimeoutException: Message: \nE       Stacktrace:\nE       \tGetHandleVerifier [0x00007FF63B464D02+56194]\nE       \t(No symbol) [0x00007FF63B3D04B2]\nE       \t(No symbol) [0x00007FF63B2776AA]\nE       \t(No symbol) [0x00007FF63B2C16D0]\nE       \t(No symbol) [0x00007FF63B2C17EC]\nE       \t(No symbol) [0x00007FF63B304D77]\nE       \t(No symbol) [0x00007FF63B2E5EBF]\nE       \t(No symbol) [0x00007FF63B302786]\nE       \t(No symbol) [0x00007FF63B2E5C23]\nE       \t(No symbol) [0x00007FF63B2B4A45]\nE       \t(No symbol) [0x00007FF63B2B5AD4]\nE       \tGetHandleVerifier [0x00007FF63B7DD5BB+3695675]\nE       \tGetHandleVerifier [0x00007FF63B836197+4059159]\nE       \tGetHandleVerifier [0x00007FF63B82DF63+4025827]\nE       \tGetHandleVerifier [0x00007FF63B4FF029+687785]\nE       \t(No symbol) [0x00007FF63B3DB508]\nE       \t(No symbol) [0x00007FF63B3D7564]\nE       \t(No symbol) [0x00007FF63B3D76E9]\nE       \t(No symbol) [0x00007FF63B3C8094]\nE       \tBaseThreadInitThunk [0x00007FF875657344+20]\nE       \tRtlUserThreadStart [0x00007FF8769426B1+33]\n\n..\\..\\..\\AppData\\Local\\Programs\\Python\\Python312\\Lib\\site-packages\\selenium\\webdriver\\support\\wait.py:105: TimeoutException"}, "steps": [{"name": "Go to Log in page", "status": "passed", "start": 1702553319762, "stop": 1702553319762}, {"name": "Log in to the application", "status": "passed", "start": 1702553319865, "stop": 1702553319865}, {"name": "add book by name", "status": "passed", "start": 1702553320554, "stop": 1702553320554}, {"name": "add book by name in book detail page", "status": "passed", "start": 1702553322498, "stop": 1702553322498}], "parameters": [{"name": "book", "value": "<data_object.book.Book object at 0x000001A6741B7B90>"}, {"name": "account", "value": "<data_object.account.Account object at 0x000001A6741B7AD0>"}], "start": 1702553319762, "stop": 1702553327899, "uuid": "744b111c-c022-4397-b4cd-52a9edb54f51", "testCaseId": "3e3918eb350b236a4cafcc668b2fb66a", "fullName": "testcases.ui.scenario_1#test_delete_book_with_ui"}